2015-11-08 01:11:11.091 [info] <0.7.0> Application lager started on node cb_tutorial@ChefGoldblum
2015-11-08 01:11:11.100 [info] <0.7.0> Application crypto started on node cb_tutorial@ChefGoldblum
2015-11-08 01:11:11.110 [info] <0.7.0> Application mimetypes started on node cb_tutorial@ChefGoldblum
2015-11-08 01:11:11.140 [info] <0.96.0>@boss_web_controller_init:init_services:132 Starting Boss in development mode...
2015-11-08 01:11:11.146 [info] <0.96.0>@boss_db:start:77 Start Database Adapter boss_db_adapter_mock options [{adapter,mock},{cache_enable,false},{cache_prefix,db},{shards,[]},{is_master_node,true},{db_host,"localhost"},{db_port,1978}]
2015-11-08 01:11:11.217 [info] <0.7.0> Application ranch started on node cb_tutorial@ChefGoldblum
2015-11-08 01:11:11.219 [info] <0.7.0> Application cowlib started on node cb_tutorial@ChefGoldblum
2015-11-08 01:11:11.228 [info] <0.7.0> Application cowboy started on node cb_tutorial@ChefGoldblum
2015-11-08 01:11:11.292 [notice] <0.96.0>@boss_compiler:compile:47 Compile file "/home/john/Learning/Erlang/WebDev/cb_tutorial/src/mail/cb_tutorial_incoming_mail_controller.erl" with options [{out_dir,undefined},{include_dirs,["/home/john/Learning/Erlang/WebDev/cb_tutorial/include"]},{compiler_options,[{parse_transform,lager_transform},return_errors]}] 
2015-11-08 01:11:11.314 [notice] <0.64.0>@lager_app:132 Deprecated lager_file_backend config detected, please consider updating it
2015-11-08 01:11:11.322 [notice] <0.96.0>@boss_compiler:compile:47 Compile file "/home/john/Learning/Erlang/WebDev/cb_tutorial/src/mail/cb_tutorial_outgoing_mail_controller.erl" with options [{out_dir,undefined},{include_dirs,["/home/john/Learning/Erlang/WebDev/cb_tutorial/include"]},{compiler_options,[{parse_transform,lager_transform},return_errors]}] 
2015-11-08 01:11:11.333 [notice] <0.96.0>@boss_compiler:compile:47 Compile file "/home/john/Learning/Erlang/WebDev/cb_tutorial/src/view/lib/tag_modules/cb_tutorial_custom_tags.erl" with options [{out_dir,undefined},{include_dirs,["/home/john/Learning/Erlang/WebDev/cb_tutorial/include"]},{compiler_options,[{parse_transform,lager_transform},return_errors]}] 
2015-11-08 01:11:11.343 [notice] <0.96.0>@boss_compiler:compile:47 Compile file "/home/john/Learning/Erlang/WebDev/cb_tutorial/src/view/lib/filter_modules/cb_tutorial_custom_filters.erl" with options [{out_dir,undefined},{include_dirs,["/home/john/Learning/Erlang/WebDev/cb_tutorial/include"]},{compiler_options,[{parse_transform,lager_transform},return_errors]}] 
2015-11-08 01:11:11.396 [notice] <0.96.0>@boss_compiler:compile:47 Compile file "/home/john/Learning/Erlang/WebDev/cb_tutorial/priv/init/cb_tutorial_01_news.erl" with options [{include_dirs,["/home/john/Learning/Erlang/WebDev/cb_tutorial/include"]}] 
2015-11-08 01:14:06.628 [info] <0.268.0>@boss_controller_compiler:compile:71 Compile controller /home/john/Learning/Erlang/WebDev/cb_tutorial/src/controller/cb_tutorial_greeting_controller.erl
2015-11-08 01:14:06.628 [notice] <0.268.0>@boss_compiler:compile:47 Compile file "/home/john/Learning/Erlang/WebDev/cb_tutorial/src/controller/cb_tutorial_greeting_controller.erl" with options [debug_info,{pre_revert_transform,#Fun<boss_controller_compiler.add_routes_to_forms.1>},{out_dir,undefined},{include_dirs,["/home/john/Learning/Erlang/WebDev/cb_tutorial/include"]},{compiler_options,[{parse_transform,lager_transform},return_errors]}] 
2015-11-08 01:14:06.642 [notice] <0.268.0>@boss_controller_adapter_pmod:action:111 [ChicagoBoss] The function cb_tutorial_greeting_controller:hello/2 is not exported, if in doubt add -export([hello/2])) to the module
2015-11-08 01:14:06.650 [warning] <0.268.0>@boss_web_controller_handle_request:log_status_code:185 GET /greeting/hello [cb_tutorial] 404 32ms
2015-11-08 01:14:29.481 [notice] <0.271.0>@boss_controller_adapter_pmod:action:111 [ChicagoBoss] The function cb_tutorial_greeting_controller:hello/2 is not exported, if in doubt add -export([hello/2])) to the module
2015-11-08 01:14:29.483 [warning] <0.271.0>@boss_web_controller_handle_request:log_status_code:185 GET /greeting/hello [cb_tutorial] 404 4ms
2015-11-08 01:15:23.021 [info] <0.273.0>@boss_controller_compiler:compile:71 Compile controller /home/john/Learning/Erlang/WebDev/cb_tutorial/src/controller/cb_tutorial_greeting_controller.erl
2015-11-08 01:15:23.021 [notice] <0.273.0>@boss_compiler:compile:47 Compile file "/home/john/Learning/Erlang/WebDev/cb_tutorial/src/controller/cb_tutorial_greeting_controller.erl" with options [debug_info,{pre_revert_transform,#Fun<boss_controller_compiler.add_routes_to_forms.1>},{out_dir,undefined},{include_dirs,["/home/john/Learning/Erlang/WebDev/cb_tutorial/include"]},{compiler_options,[{parse_transform,lager_transform},return_errors]}] 
2015-11-08 01:15:23.033 [info] <0.273.0>@boss_web_controller_handle_request:log_status_code:187 GET /greeting/hello [cb_tutorial] 200 17ms
2015-11-08 01:17:25.647 [info] <0.278.0>@boss_controller_compiler:compile:71 Compile controller /home/john/Learning/Erlang/WebDev/cb_tutorial/src/controller/cb_tutorial_greeting_controller.erl
2015-11-08 01:17:25.647 [notice] <0.278.0>@boss_compiler:compile:47 Compile file "/home/john/Learning/Erlang/WebDev/cb_tutorial/src/controller/cb_tutorial_greeting_controller.erl" with options [debug_info,{pre_revert_transform,#Fun<boss_controller_compiler.add_routes_to_forms.1>},{out_dir,undefined},{include_dirs,["/home/john/Learning/Erlang/WebDev/cb_tutorial/include"]},{compiler_options,[{parse_transform,lager_transform},return_errors]}] 
2015-11-08 01:17:25.667 [info] <0.278.0>@boss_web_controller_handle_request:log_status_code:187 GET /greeting/hello2 [cb_tutorial] 200 23ms
2015-11-08 01:20:38.873 [info] <0.281.0>@boss_controller_compiler:compile:71 Compile controller /home/john/Learning/Erlang/WebDev/cb_tutorial/src/controller/cb_tutorial_greeting_controller.erl
2015-11-08 01:20:38.873 [notice] <0.281.0>@boss_compiler:compile:47 Compile file "/home/john/Learning/Erlang/WebDev/cb_tutorial/src/controller/cb_tutorial_greeting_controller.erl" with options [debug_info,{pre_revert_transform,#Fun<boss_controller_compiler.add_routes_to_forms.1>},{out_dir,undefined},{include_dirs,["/home/john/Learning/Erlang/WebDev/cb_tutorial/include"]},{compiler_options,[{parse_transform,lager_transform},return_errors]}] 
2015-11-08 01:20:38.883 [warning] <0.281.0>@boss_web_controller_handle_request:log_status_code:185 GET /greeting/hello3 [cb_tutorial] 404 13ms
2015-11-08 01:20:58.484 [info] <0.284.0>@boss_web_controller_handle_request:log_status_code:187 GET /greeting/hello3 [cb_tutorial] 200 60ms
2015-11-08 01:21:16.120 [info] <0.287.0>@boss_web_controller_handle_request:log_status_code:187 GET /greeting/hello3 [cb_tutorial] 200 20ms
2015-11-08 11:39:50.180 [info] <0.7.0> Application lager started on node cb_tutorial@ChefGoldblum
2015-11-08 11:39:50.189 [info] <0.7.0> Application crypto started on node cb_tutorial@ChefGoldblum
2015-11-08 11:39:50.216 [info] <0.7.0> Application mimetypes started on node cb_tutorial@ChefGoldblum
2015-11-08 11:39:50.266 [info] <0.96.0>@boss_web_controller_init:init_services:132 Starting Boss in development mode...
2015-11-08 11:39:50.286 [info] <0.96.0>@boss_db:start:77 Start Database Adapter boss_db_adapter_mock options [{adapter,mock},{cache_enable,false},{cache_prefix,db},{shards,[]},{is_master_node,true},{db_host,"localhost"},{db_port,1978}]
2015-11-08 11:39:50.345 [notice] <0.64.0>@lager_app:132 Deprecated lager_file_backend config detected, please consider updating it
2015-11-08 11:39:50.409 [info] <0.7.0> Application ranch started on node cb_tutorial@ChefGoldblum
2015-11-08 11:39:50.418 [info] <0.7.0> Application cowlib started on node cb_tutorial@ChefGoldblum
2015-11-08 11:39:50.437 [info] <0.7.0> Application cowboy started on node cb_tutorial@ChefGoldblum
2015-11-08 11:39:50.562 [notice] <0.96.0>@boss_compiler:compile:47 Compile file "/home/john/Learning/Erlang/WebDev/cb_tutorial/src/mail/cb_tutorial_incoming_mail_controller.erl" with options [{out_dir,undefined},{include_dirs,["/home/john/Learning/Erlang/WebDev/cb_tutorial/include"]},{compiler_options,[{parse_transform,lager_transform},return_errors]}] 
2015-11-08 11:39:50.620 [notice] <0.96.0>@boss_compiler:compile:47 Compile file "/home/john/Learning/Erlang/WebDev/cb_tutorial/src/mail/cb_tutorial_outgoing_mail_controller.erl" with options [{out_dir,undefined},{include_dirs,["/home/john/Learning/Erlang/WebDev/cb_tutorial/include"]},{compiler_options,[{parse_transform,lager_transform},return_errors]}] 
2015-11-08 11:39:50.633 [info] <0.96.0>@boss_controller_compiler:compile:71 Compile controller /home/john/Learning/Erlang/WebDev/cb_tutorial/src/controller/cb_tutorial_greeting_controller.erl
2015-11-08 11:39:50.633 [notice] <0.96.0>@boss_compiler:compile:47 Compile file "/home/john/Learning/Erlang/WebDev/cb_tutorial/src/controller/cb_tutorial_greeting_controller.erl" with options [debug_info,{pre_revert_transform,#Fun<boss_controller_compiler.add_routes_to_forms.1>},{out_dir,undefined},{include_dirs,["/home/john/Learning/Erlang/WebDev/cb_tutorial/include"]},{compiler_options,[{parse_transform,lager_transform},return_errors]}] 
2015-11-08 11:39:50.660 [notice] <0.96.0>@boss_compiler:compile:47 Compile file "/home/john/Learning/Erlang/WebDev/cb_tutorial/src/model/greeting.erl" with options [debug_info,{pre_revert_transform,#Fun<boss_record_compiler.trick_out_forms.2>},{token_transform,#Fun<boss_record_compiler.process_tokens.1>},{out_dir,undefined},{include_dirs,["/home/john/Learning/Erlang/WebDev/cb_tutorial/include"]},{compiler_options,[{parse_transform,lager_transform},return_errors]}] 
2015-11-08 11:39:50.660 [info] <0.96.0>@boss_record_compiler:process_tokens:120 Tokens [{'-',{1,1}},{atom,{1,2},module},{'(',{1,8}},{atom,{1,9},greeting},{',',{1,17}},{'[',{1,19}},{var,{1,20},'Id'},{',',{1,22}},{var,{1,24},'GreetingText'},{']',{1,36}},{')',{1,37}},{dot,{1,38}},{'-',{2,1}},{atom,{2,2},compile},{'(',{2,9}},{atom,{2,10},export_all},{')',{2,20}},{dot,{2,21}},{eof,{5,1}}]
2015-11-08 11:39:50.660 [notice] <0.96.0>@boss_record_compiler:make_generated_forms:225 Module "greeting" Parameters ['Id','GreetingText'] Attributes[{compile,export_all}]
2015-11-08 11:39:50.690 [notice] <0.96.0>@boss_compiler:compile:47 Compile file "/home/john/Learning/Erlang/WebDev/cb_tutorial/src/view/lib/tag_modules/cb_tutorial_custom_tags.erl" with options [{out_dir,undefined},{include_dirs,["/home/john/Learning/Erlang/WebDev/cb_tutorial/include"]},{compiler_options,[{parse_transform,lager_transform},return_errors]}] 
2015-11-08 11:39:50.714 [notice] <0.96.0>@boss_compiler:compile:47 Compile file "/home/john/Learning/Erlang/WebDev/cb_tutorial/src/view/lib/filter_modules/cb_tutorial_custom_filters.erl" with options [{out_dir,undefined},{include_dirs,["/home/john/Learning/Erlang/WebDev/cb_tutorial/include"]},{compiler_options,[{parse_transform,lager_transform},return_errors]}] 
2015-11-08 11:39:50.827 [notice] <0.96.0>@boss_compiler:compile:47 Compile file "/home/john/Learning/Erlang/WebDev/cb_tutorial/priv/init/cb_tutorial_01_news.erl" with options [{include_dirs,["/home/john/Learning/Erlang/WebDev/cb_tutorial/include"]}] 
2015-11-08 11:39:52.405 [info] <0.270.0>@boss_web_controller_handle_request:log_status_code:187 GET /greeting/hello3 [cb_tutorial] 200 24ms
2015-11-08 11:50:39.674 [info] <0.283.0>@boss_record_compiler:process_tokens:120 Tokens [{'-',{1,1}},{atom,{1,2},module},{'(',{1,8}},{atom,{1,9},greeting},{',',{1,17}},{'[',{1,19}},{var,{1,20},'Id'},{',',{1,22}},{var,{1,24},'GreetingText'},{']',{1,36}},{')',{1,37}},{dot,{1,38}},{'-',{2,1}},{atom,{2,2},compile},{'(',{2,9}},{atom,{2,10},export_all},{')',{2,20}},{dot,{2,21}},{eof,{5,1}}]
2015-11-08 11:50:39.674 [notice] <0.283.0>@boss_record_compiler:make_generated_forms:225 Module "greeting" Parameters ['Id','GreetingText'] Attributes[{compile,export_all}]
2015-11-08 11:50:39.898 [info] <0.283.0>@boss_web_controller_handle_request:log_status_code:187 GET /doc/greeting [cb_tutorial] 200 225ms
2015-11-08 11:59:16.287 [notice] <0.288.0>@boss_compiler:compile:47 Compile file "/home/john/Learning/Erlang/WebDev/cb_tutorial/src/model/greeting.erl" with options [debug_info,{pre_revert_transform,#Fun<boss_record_compiler.trick_out_forms.2>},{token_transform,#Fun<boss_record_compiler.process_tokens.1>},{out_dir,undefined},{include_dirs,["/home/john/Learning/Erlang/WebDev/cb_tutorial/include"]},{compiler_options,[{parse_transform,lager_transform},return_errors]}] 
2015-11-08 11:59:16.288 [info] <0.288.0>@boss_record_compiler:process_tokens:120 Tokens [{'-',{1,1}},{atom,{1,2},module},{'(',{1,8}},{atom,{1,9},greeting},{',',{1,17}},{'[',{1,19}},{var,{1,20},'Id'},{',',{1,22}},{var,{1,24},'GreetingText'},{']',{1,36}},{')',{1,37}},{dot,{1,38}},{'-',{2,1}},{atom,{2,2},compile},{'(',{2,9}},{atom,{2,10},export_all},{')',{2,20}},{dot,{2,21}},{eof,{5,1}}]
2015-11-08 11:59:16.288 [notice] <0.288.0>@boss_record_compiler:make_generated_forms:225 Module "greeting" Parameters ['Id','GreetingText'] Attributes[{compile,export_all}]
2015-11-08 11:59:16.302 [notice] <0.288.0>@boss_controller_adapter_pmod:action:111 [ChicagoBoss] The function cb_tutorial_greeting_controller:list/2 is not exported, if in doubt add -export([list/2])) to the module
2015-11-08 11:59:16.320 [info] <0.288.0>@boss_web_controller_handle_request:log_status_code:187 GET /greeting/list [cb_tutorial] 200 36ms
2015-11-08 11:59:19.731 [notice] <0.288.0>@boss_controller_adapter_pmod:action:111 [ChicagoBoss] The function cb_tutorial_greeting_controller:list/2 is not exported, if in doubt add -export([list/2])) to the module
2015-11-08 11:59:19.733 [info] <0.288.0>@boss_web_controller_handle_request:log_status_code:187 GET /greeting/list [cb_tutorial] 200 7ms
2015-11-08 12:05:19.947 [info] <0.294.0>@boss_controller_compiler:compile:71 Compile controller /home/john/Learning/Erlang/WebDev/cb_tutorial/src/controller/cb_tutorial_greeting_controller.erl
2015-11-08 12:05:19.947 [notice] <0.294.0>@boss_compiler:compile:47 Compile file "/home/john/Learning/Erlang/WebDev/cb_tutorial/src/controller/cb_tutorial_greeting_controller.erl" with options [debug_info,{pre_revert_transform,#Fun<boss_controller_compiler.add_routes_to_forms.1>},{out_dir,undefined},{include_dirs,["/home/john/Learning/Erlang/WebDev/cb_tutorial/include"]},{compiler_options,[{parse_transform,lager_transform},return_errors]}] 
2015-11-08 12:05:20.006 [error] <0.294.0>@boss_web_controller:call_controller_action:308 Error in controller error:undef Stacktrace: [{bodd_db,find,[greeting,[]],[]},{cb_tutorial_greeting_controller,list,3,[{file,"/home/john/Learning/Erlang/WebDev/cb_tutorial/src/controller/cb_tutorial_greeting_controller.erl"},{line,14}]},{boss_web_controller,call_controller_action,3,[{file,"src/boss/boss_web_controller.erl"},{line,305}]},{boss_web_controller,apply_action,4,[{file,"src/boss/boss_web_controller.erl"},{line,297}]},{boss_web_controller,execute_action_inner,9,[{file,"src/boss/boss_web_controller.erl"},{line,276}]},{boss_web_controller_handle_request,process_dynamic_request,5,[{file,"src/boss/boss_web_controller_handle_request.erl"},{line,255}]},{boss_web_controller_handle_request,process_request,5,[{file,"src/boss/boss_web_controller_handle_request.erl"},{line,242}]},{timer,tc,3,[{file,"timer.erl"},{line,197}]}]
2015-11-08 12:05:20.007 [error] <0.294.0>@boss_web_controller_handle_request:process_error:302 "Error in controller, see console.log for details\n"
2015-11-08 12:05:20.208 [error] <0.294.0>@boss_web_controller_handle_request:log_status_code:183 GET /greeting/list [cb_tutorial] 500 264ms
2015-11-08 12:08:02.836 [error] <0.297.0>@boss_web_controller:call_controller_action:308 Error in controller error:undef Stacktrace: [{bodd_db,find,[greeting,[]],[]},{cb_tutorial_greeting_controller,list,3,[{file,"/home/john/Learning/Erlang/WebDev/cb_tutorial/src/controller/cb_tutorial_greeting_controller.erl"},{line,14}]},{boss_web_controller,call_controller_action,3,[{file,"src/boss/boss_web_controller.erl"},{line,305}]},{boss_web_controller,apply_action,4,[{file,"src/boss/boss_web_controller.erl"},{line,297}]},{boss_web_controller,execute_action_inner,9,[{file,"src/boss/boss_web_controller.erl"},{line,276}]},{boss_web_controller_handle_request,process_dynamic_request,5,[{file,"src/boss/boss_web_controller_handle_request.erl"},{line,255}]},{boss_web_controller_handle_request,process_request,5,[{file,"src/boss/boss_web_controller_handle_request.erl"},{line,242}]},{timer,tc,3,[{file,"timer.erl"},{line,197}]}]
2015-11-08 12:08:02.837 [error] <0.297.0>@boss_web_controller_handle_request:process_error:302 "Error in controller, see console.log for details\n"
2015-11-08 12:08:02.837 [error] <0.297.0>@boss_web_controller_handle_request:log_status_code:183 GET /greeting/list [cb_tutorial] 500 23ms
2015-11-08 12:08:04.319 [error] <0.297.0>@boss_web_controller:call_controller_action:308 Error in controller error:undef Stacktrace: [{bodd_db,find,[greeting,[]],[]},{cb_tutorial_greeting_controller,list,3,[{file,"/home/john/Learning/Erlang/WebDev/cb_tutorial/src/controller/cb_tutorial_greeting_controller.erl"},{line,14}]},{boss_web_controller,call_controller_action,3,[{file,"src/boss/boss_web_controller.erl"},{line,305}]},{boss_web_controller,apply_action,4,[{file,"src/boss/boss_web_controller.erl"},{line,297}]},{boss_web_controller,execute_action_inner,9,[{file,"src/boss/boss_web_controller.erl"},{line,276}]},{boss_web_controller_handle_request,process_dynamic_request,5,[{file,"src/boss/boss_web_controller_handle_request.erl"},{line,255}]},{boss_web_controller_handle_request,process_request,5,[{file,"src/boss/boss_web_controller_handle_request.erl"},{line,242}]},{timer,tc,3,[{file,"timer.erl"},{line,197}]}]
2015-11-08 12:08:04.321 [error] <0.297.0>@boss_web_controller_handle_request:process_error:302 "Error in controller, see console.log for details\n"
2015-11-08 12:08:04.322 [error] <0.297.0>@boss_web_controller_handle_request:log_status_code:183 GET /greeting/list [cb_tutorial] 500 31ms
2015-11-08 12:08:33.214 [error] <0.300.0>@boss_web_controller:call_controller_action:308 Error in controller error:undef Stacktrace: [{bodd_db,find,[greeting,[]],[]},{cb_tutorial_greeting_controller,list,3,[{file,"/home/john/Learning/Erlang/WebDev/cb_tutorial/src/controller/cb_tutorial_greeting_controller.erl"},{line,14}]},{boss_web_controller,call_controller_action,3,[{file,"src/boss/boss_web_controller.erl"},{line,305}]},{boss_web_controller,apply_action,4,[{file,"src/boss/boss_web_controller.erl"},{line,297}]},{boss_web_controller,execute_action_inner,9,[{file,"src/boss/boss_web_controller.erl"},{line,276}]},{boss_web_controller_handle_request,process_dynamic_request,5,[{file,"src/boss/boss_web_controller_handle_request.erl"},{line,255}]},{boss_web_controller_handle_request,process_request,5,[{file,"src/boss/boss_web_controller_handle_request.erl"},{line,242}]},{timer,tc,3,[{file,"timer.erl"},{line,197}]}]
2015-11-08 12:08:33.215 [error] <0.300.0>@boss_web_controller_handle_request:process_error:302 "Error in controller, see console.log for details\n"
2015-11-08 12:08:33.215 [error] <0.300.0>@boss_web_controller_handle_request:log_status_code:183 GET /greeting/list [cb_tutorial] 500 20ms
2015-11-08 12:09:30.669 [info] <0.303.0>@boss_controller_compiler:compile:71 Compile controller /home/john/Learning/Erlang/WebDev/cb_tutorial/src/controller/cb_tutorial_greeting_controller.erl
2015-11-08 12:09:30.669 [notice] <0.303.0>@boss_compiler:compile:47 Compile file "/home/john/Learning/Erlang/WebDev/cb_tutorial/src/controller/cb_tutorial_greeting_controller.erl" with options [debug_info,{pre_revert_transform,#Fun<boss_controller_compiler.add_routes_to_forms.1>},{out_dir,undefined},{include_dirs,["/home/john/Learning/Erlang/WebDev/cb_tutorial/include"]},{compiler_options,[{parse_transform,lager_transform},return_errors]}] 
2015-11-08 12:09:30.725 [info] <0.303.0>@boss_web_controller_handle_request:log_status_code:187 GET /greeting/list [cb_tutorial] 200 59ms
2015-11-08 12:09:32.063 [notice] <0.303.0>@boss_controller_adapter_pmod:action:111 [ChicagoBoss] The function cb_tutorial_greeting_controller:create/2 is not exported, if in doubt add -export([create/2])) to the module
2015-11-08 12:09:32.110 [info] <0.303.0>@boss_web_controller_handle_request:log_status_code:187 GET /greeting/create [cb_tutorial] 200 55ms
2015-11-08 12:09:35.628 [notice] <0.303.0>@boss_controller_adapter_pmod:action:111 [ChicagoBoss] The function cb_tutorial_greeting_controller:create/2 is not exported, if in doubt add -export([create/2])) to the module
2015-11-08 12:09:35.630 [info] <0.303.0>@boss_web_controller_handle_request:log_status_code:187 POST /greeting/create [cb_tutorial] 200 6ms
2015-11-08 12:09:41.319 [notice] <0.310.0>@boss_controller_adapter_pmod:action:111 [ChicagoBoss] The function cb_tutorial_greeting_controller:create/2 is not exported, if in doubt add -export([create/2])) to the module
2015-11-08 12:09:41.321 [info] <0.310.0>@boss_web_controller_handle_request:log_status_code:187 POST /greeting/create [cb_tutorial] 200 8ms
2015-11-08 12:09:45.237 [info] <0.310.0>@boss_web_controller_handle_request:log_status_code:187 GET /greeting/list [cb_tutorial] 200 5ms
2015-11-08 12:09:46.209 [info] <0.310.0>@boss_web_controller_handle_request:log_status_code:187 GET /greeting/list [cb_tutorial] 200 8ms
2015-11-08 12:11:58.833 [info] <0.314.0>@boss_controller_compiler:compile:71 Compile controller /home/john/Learning/Erlang/WebDev/cb_tutorial/src/controller/cb_tutorial_greeting_controller.erl
2015-11-08 12:11:58.833 [notice] <0.314.0>@boss_compiler:compile:47 Compile file "/home/john/Learning/Erlang/WebDev/cb_tutorial/src/controller/cb_tutorial_greeting_controller.erl" with options [debug_info,{pre_revert_transform,#Fun<boss_controller_compiler.add_routes_to_forms.1>},{out_dir,undefined},{include_dirs,["/home/john/Learning/Erlang/WebDev/cb_tutorial/include"]},{compiler_options,[{parse_transform,lager_transform},return_errors]}] 
2015-11-08 12:11:58.844 [info] <0.314.0>@boss_web_controller_handle_request:log_status_code:187 GET /greeting/create [cb_tutorial] 200 12ms
2015-11-08 12:12:02.210 [error] <0.314.0>@boss_web_controller:call_controller_action:308 Error in controller exit:{noproc,{gen_server,call,
                         [{global,boss_news},
                          {created,"greeting-3",
                                   [{id,"greeting-3"},
                                    {greeting_text,"Woot"}]}]}} Stacktrace: [{gen_server,call,2,[{file,"gen_server.erl"},{line,204}]},{boss_record_lib,run_after_hooks,3,[{file,"src/boss_record_lib.erl"},{line,45}]},{boss_db,save_record,2,[{file,"src/boss_db.erl"},{line,423}]},{cb_tutorial_greeting_controller,create,3,[{file,"/home/john/Learning/Erlang/WebDev/cb_tutorial/src/controller/cb_tutorial_greeting_controller.erl"},{line,23}]},{boss_web_controller,call_controller_action,3,[{file,"src/boss/boss_web_controller.erl"},{line,305}]},{boss_web_controller,apply_action,4,[{file,"src/boss/boss_web_controller.erl"},{line,297}]},{boss_web_controller,execute_action_inner,9,[{file,"src/boss/boss_web_controller.erl"},{line,276}]},{boss_web_controller_handle_request,process_dynamic_request,5,[{file,"src/boss/boss_web_controller_handle_request.erl"},{line,255}]}]
2015-11-08 12:12:02.212 [error] <0.314.0>@boss_web_controller_handle_request:process_error:302 "Error in controller, see console.log for details\n"
2015-11-08 12:12:02.213 [error] <0.314.0>@boss_web_controller_handle_request:log_status_code:183 POST /greeting/create [cb_tutorial] 500 11ms
2015-11-08 12:15:38.974 [info] <0.318.0>@boss_web_controller_handle_request:log_status_code:187 GET /greeting/list [cb_tutorial] 200 13ms
2015-11-08 12:16:51.319 [info] <0.7.0> Application lager started on node cb_tutorial@ChefGoldblum
2015-11-08 12:16:51.328 [info] <0.7.0> Application crypto started on node cb_tutorial@ChefGoldblum
2015-11-08 12:16:51.337 [info] <0.7.0> Application mimetypes started on node cb_tutorial@ChefGoldblum
2015-11-08 12:16:51.366 [info] <0.96.0>@boss_web_controller_init:init_services:132 Starting Boss in development mode...
2015-11-08 12:16:51.372 [info] <0.96.0>@boss_db:start:77 Start Database Adapter boss_db_adapter_mock options [{adapter,mock},{cache_enable,false},{cache_prefix,db},{shards,[]},{is_master_node,true},{db_host,"localhost"},{db_port,1978}]
2015-11-08 12:16:51.435 [info] <0.7.0> Application ranch started on node cb_tutorial@ChefGoldblum
2015-11-08 12:16:51.437 [info] <0.7.0> Application cowlib started on node cb_tutorial@ChefGoldblum
2015-11-08 12:16:51.444 [info] <0.7.0> Application cowboy started on node cb_tutorial@ChefGoldblum
2015-11-08 12:16:51.503 [notice] <0.96.0>@boss_compiler:compile:47 Compile file "/home/john/Learning/Erlang/WebDev/cb_tutorial/src/mail/cb_tutorial_incoming_mail_controller.erl" with options [{out_dir,undefined},{include_dirs,["/home/john/Learning/Erlang/WebDev/cb_tutorial/include"]},{compiler_options,[{parse_transform,lager_transform},return_errors]}] 
2015-11-08 12:16:51.531 [notice] <0.96.0>@boss_compiler:compile:47 Compile file "/home/john/Learning/Erlang/WebDev/cb_tutorial/src/mail/cb_tutorial_outgoing_mail_controller.erl" with options [{out_dir,undefined},{include_dirs,["/home/john/Learning/Erlang/WebDev/cb_tutorial/include"]},{compiler_options,[{parse_transform,lager_transform},return_errors]}] 
2015-11-08 12:16:51.543 [info] <0.96.0>@boss_controller_compiler:compile:71 Compile controller /home/john/Learning/Erlang/WebDev/cb_tutorial/src/controller/cb_tutorial_greeting_controller.erl
2015-11-08 12:16:51.544 [notice] <0.96.0>@boss_compiler:compile:47 Compile file "/home/john/Learning/Erlang/WebDev/cb_tutorial/src/controller/cb_tutorial_greeting_controller.erl" with options [debug_info,{pre_revert_transform,#Fun<boss_controller_compiler.add_routes_to_forms.1>},{out_dir,undefined},{include_dirs,["/home/john/Learning/Erlang/WebDev/cb_tutorial/include"]},{compiler_options,[{parse_transform,lager_transform},return_errors]}] 
2015-11-08 12:16:51.547 [notice] <0.64.0>@lager_app:132 Deprecated lager_file_backend config detected, please consider updating it
2015-11-08 12:16:51.562 [notice] <0.96.0>@boss_compiler:compile:47 Compile file "/home/john/Learning/Erlang/WebDev/cb_tutorial/src/model/greeting.erl" with options [debug_info,{pre_revert_transform,#Fun<boss_record_compiler.trick_out_forms.2>},{token_transform,#Fun<boss_record_compiler.process_tokens.1>},{out_dir,undefined},{include_dirs,["/home/john/Learning/Erlang/WebDev/cb_tutorial/include"]},{compiler_options,[{parse_transform,lager_transform},return_errors]}] 
2015-11-08 12:16:51.562 [info] <0.96.0>@boss_record_compiler:process_tokens:120 Tokens [{'-',{1,1}},{atom,{1,2},module},{'(',{1,8}},{atom,{1,9},greeting},{',',{1,17}},{'[',{1,19}},{var,{1,20},'Id'},{',',{1,22}},{var,{1,24},'GreetingText'},{']',{1,36}},{')',{1,37}},{dot,{1,38}},{'-',{2,1}},{atom,{2,2},compile},{'(',{2,9}},{atom,{2,10},export_all},{')',{2,20}},{dot,{2,21}},{eof,{5,1}}]
2015-11-08 12:16:51.562 [notice] <0.96.0>@boss_record_compiler:make_generated_forms:225 Module "greeting" Parameters ['Id','GreetingText'] Attributes[{compile,export_all}]
2015-11-08 12:16:51.590 [notice] <0.96.0>@boss_compiler:compile:47 Compile file "/home/john/Learning/Erlang/WebDev/cb_tutorial/src/view/lib/tag_modules/cb_tutorial_custom_tags.erl" with options [{out_dir,undefined},{include_dirs,["/home/john/Learning/Erlang/WebDev/cb_tutorial/include"]},{compiler_options,[{parse_transform,lager_transform},return_errors]}] 
2015-11-08 12:16:51.600 [notice] <0.96.0>@boss_compiler:compile:47 Compile file "/home/john/Learning/Erlang/WebDev/cb_tutorial/src/view/lib/filter_modules/cb_tutorial_custom_filters.erl" with options [{out_dir,undefined},{include_dirs,["/home/john/Learning/Erlang/WebDev/cb_tutorial/include"]},{compiler_options,[{parse_transform,lager_transform},return_errors]}] 
2015-11-08 12:16:51.714 [notice] <0.96.0>@boss_compiler:compile:47 Compile file "/home/john/Learning/Erlang/WebDev/cb_tutorial/priv/init/cb_tutorial_01_news.erl" with options [{include_dirs,["/home/john/Learning/Erlang/WebDev/cb_tutorial/include"]}] 
2015-11-08 12:16:57.485 [info] <0.272.0>@boss_web_controller_handle_request:log_status_code:187 GET /greeting/list [cb_tutorial] 200 28ms
2015-11-08 12:16:59.078 [info] <0.272.0>@boss_web_controller_handle_request:log_status_code:187 GET /greeting/create [cb_tutorial] 200 10ms
2015-11-08 12:17:03.048 [error] <0.272.0>@boss_web_controller:call_controller_action:308 Error in controller exit:{noproc,{gen_server,call,
                         [{global,boss_news},
                          {created,"greeting-1",
                                   [{id,"greeting-1"},
                                    {greeting_text,"Hello"}]}]}} Stacktrace: [{gen_server,call,2,[{file,"gen_server.erl"},{line,204}]},{boss_record_lib,run_after_hooks,3,[{file,"src/boss_record_lib.erl"},{line,45}]},{boss_db,save_record,2,[{file,"src/boss_db.erl"},{line,423}]},{cb_tutorial_greeting_controller,create,3,[{file,"/home/john/Learning/Erlang/WebDev/cb_tutorial/src/controller/cb_tutorial_greeting_controller.erl"},{line,23}]},{boss_web_controller,call_controller_action,3,[{file,"src/boss/boss_web_controller.erl"},{line,305}]},{boss_web_controller,apply_action,4,[{file,"src/boss/boss_web_controller.erl"},{line,297}]},{boss_web_controller,execute_action_inner,9,[{file,"src/boss/boss_web_controller.erl"},{line,276}]},{boss_web_controller_handle_request,process_dynamic_request,5,[{file,"src/boss/boss_web_controller_handle_request.erl"},{line,255}]}]
2015-11-08 12:17:03.049 [error] <0.272.0>@boss_web_controller_handle_request:process_error:302 "Error in controller, see console.log for details\n"
2015-11-08 12:17:03.227 [error] <0.272.0>@boss_web_controller_handle_request:log_status_code:183 POST /greeting/create [cb_tutorial] 500 190ms
2015-11-08 12:17:09.207 [info] <0.276.0>@boss_web_controller_handle_request:log_status_code:187 GET /greeting/list [cb_tutorial] 200 13ms
