2015-11-08 12:05:20.006 [error] <0.294.0>@boss_web_controller:call_controller_action:308 Error in controller error:undef Stacktrace: [{bodd_db,find,[greeting,[]],[]},{cb_tutorial_greeting_controller,list,3,[{file,"/home/john/Learning/Erlang/WebDev/cb_tutorial/src/controller/cb_tutorial_greeting_controller.erl"},{line,14}]},{boss_web_controller,call_controller_action,3,[{file,"src/boss/boss_web_controller.erl"},{line,305}]},{boss_web_controller,apply_action,4,[{file,"src/boss/boss_web_controller.erl"},{line,297}]},{boss_web_controller,execute_action_inner,9,[{file,"src/boss/boss_web_controller.erl"},{line,276}]},{boss_web_controller_handle_request,process_dynamic_request,5,[{file,"src/boss/boss_web_controller_handle_request.erl"},{line,255}]},{boss_web_controller_handle_request,process_request,5,[{file,"src/boss/boss_web_controller_handle_request.erl"},{line,242}]},{timer,tc,3,[{file,"timer.erl"},{line,197}]}]
2015-11-08 12:05:20.007 [error] <0.294.0>@boss_web_controller_handle_request:process_error:302 "Error in controller, see console.log for details\n"
2015-11-08 12:05:20.208 [error] <0.294.0>@boss_web_controller_handle_request:log_status_code:183 GET /greeting/list [cb_tutorial] 500 264ms
2015-11-08 12:08:02.836 [error] <0.297.0>@boss_web_controller:call_controller_action:308 Error in controller error:undef Stacktrace: [{bodd_db,find,[greeting,[]],[]},{cb_tutorial_greeting_controller,list,3,[{file,"/home/john/Learning/Erlang/WebDev/cb_tutorial/src/controller/cb_tutorial_greeting_controller.erl"},{line,14}]},{boss_web_controller,call_controller_action,3,[{file,"src/boss/boss_web_controller.erl"},{line,305}]},{boss_web_controller,apply_action,4,[{file,"src/boss/boss_web_controller.erl"},{line,297}]},{boss_web_controller,execute_action_inner,9,[{file,"src/boss/boss_web_controller.erl"},{line,276}]},{boss_web_controller_handle_request,process_dynamic_request,5,[{file,"src/boss/boss_web_controller_handle_request.erl"},{line,255}]},{boss_web_controller_handle_request,process_request,5,[{file,"src/boss/boss_web_controller_handle_request.erl"},{line,242}]},{timer,tc,3,[{file,"timer.erl"},{line,197}]}]
2015-11-08 12:08:02.837 [error] <0.297.0>@boss_web_controller_handle_request:process_error:302 "Error in controller, see console.log for details\n"
2015-11-08 12:08:02.837 [error] <0.297.0>@boss_web_controller_handle_request:log_status_code:183 GET /greeting/list [cb_tutorial] 500 23ms
2015-11-08 12:08:04.319 [error] <0.297.0>@boss_web_controller:call_controller_action:308 Error in controller error:undef Stacktrace: [{bodd_db,find,[greeting,[]],[]},{cb_tutorial_greeting_controller,list,3,[{file,"/home/john/Learning/Erlang/WebDev/cb_tutorial/src/controller/cb_tutorial_greeting_controller.erl"},{line,14}]},{boss_web_controller,call_controller_action,3,[{file,"src/boss/boss_web_controller.erl"},{line,305}]},{boss_web_controller,apply_action,4,[{file,"src/boss/boss_web_controller.erl"},{line,297}]},{boss_web_controller,execute_action_inner,9,[{file,"src/boss/boss_web_controller.erl"},{line,276}]},{boss_web_controller_handle_request,process_dynamic_request,5,[{file,"src/boss/boss_web_controller_handle_request.erl"},{line,255}]},{boss_web_controller_handle_request,process_request,5,[{file,"src/boss/boss_web_controller_handle_request.erl"},{line,242}]},{timer,tc,3,[{file,"timer.erl"},{line,197}]}]
2015-11-08 12:08:04.321 [error] <0.297.0>@boss_web_controller_handle_request:process_error:302 "Error in controller, see console.log for details\n"
2015-11-08 12:08:04.322 [error] <0.297.0>@boss_web_controller_handle_request:log_status_code:183 GET /greeting/list [cb_tutorial] 500 31ms
2015-11-08 12:08:33.214 [error] <0.300.0>@boss_web_controller:call_controller_action:308 Error in controller error:undef Stacktrace: [{bodd_db,find,[greeting,[]],[]},{cb_tutorial_greeting_controller,list,3,[{file,"/home/john/Learning/Erlang/WebDev/cb_tutorial/src/controller/cb_tutorial_greeting_controller.erl"},{line,14}]},{boss_web_controller,call_controller_action,3,[{file,"src/boss/boss_web_controller.erl"},{line,305}]},{boss_web_controller,apply_action,4,[{file,"src/boss/boss_web_controller.erl"},{line,297}]},{boss_web_controller,execute_action_inner,9,[{file,"src/boss/boss_web_controller.erl"},{line,276}]},{boss_web_controller_handle_request,process_dynamic_request,5,[{file,"src/boss/boss_web_controller_handle_request.erl"},{line,255}]},{boss_web_controller_handle_request,process_request,5,[{file,"src/boss/boss_web_controller_handle_request.erl"},{line,242}]},{timer,tc,3,[{file,"timer.erl"},{line,197}]}]
2015-11-08 12:08:33.215 [error] <0.300.0>@boss_web_controller_handle_request:process_error:302 "Error in controller, see console.log for details\n"
2015-11-08 12:08:33.215 [error] <0.300.0>@boss_web_controller_handle_request:log_status_code:183 GET /greeting/list [cb_tutorial] 500 20ms
2015-11-08 12:12:02.210 [error] <0.314.0>@boss_web_controller:call_controller_action:308 Error in controller exit:{noproc,{gen_server,call,
                         [{global,boss_news},
                          {created,"greeting-3",
                                   [{id,"greeting-3"},
                                    {greeting_text,"Woot"}]}]}} Stacktrace: [{gen_server,call,2,[{file,"gen_server.erl"},{line,204}]},{boss_record_lib,run_after_hooks,3,[{file,"src/boss_record_lib.erl"},{line,45}]},{boss_db,save_record,2,[{file,"src/boss_db.erl"},{line,423}]},{cb_tutorial_greeting_controller,create,3,[{file,"/home/john/Learning/Erlang/WebDev/cb_tutorial/src/controller/cb_tutorial_greeting_controller.erl"},{line,23}]},{boss_web_controller,call_controller_action,3,[{file,"src/boss/boss_web_controller.erl"},{line,305}]},{boss_web_controller,apply_action,4,[{file,"src/boss/boss_web_controller.erl"},{line,297}]},{boss_web_controller,execute_action_inner,9,[{file,"src/boss/boss_web_controller.erl"},{line,276}]},{boss_web_controller_handle_request,process_dynamic_request,5,[{file,"src/boss/boss_web_controller_handle_request.erl"},{line,255}]}]
2015-11-08 12:12:02.212 [error] <0.314.0>@boss_web_controller_handle_request:process_error:302 "Error in controller, see console.log for details\n"
2015-11-08 12:12:02.213 [error] <0.314.0>@boss_web_controller_handle_request:log_status_code:183 POST /greeting/create [cb_tutorial] 500 11ms
2015-11-08 12:17:03.048 [error] <0.272.0>@boss_web_controller:call_controller_action:308 Error in controller exit:{noproc,{gen_server,call,
                         [{global,boss_news},
                          {created,"greeting-1",
                                   [{id,"greeting-1"},
                                    {greeting_text,"Hello"}]}]}} Stacktrace: [{gen_server,call,2,[{file,"gen_server.erl"},{line,204}]},{boss_record_lib,run_after_hooks,3,[{file,"src/boss_record_lib.erl"},{line,45}]},{boss_db,save_record,2,[{file,"src/boss_db.erl"},{line,423}]},{cb_tutorial_greeting_controller,create,3,[{file,"/home/john/Learning/Erlang/WebDev/cb_tutorial/src/controller/cb_tutorial_greeting_controller.erl"},{line,23}]},{boss_web_controller,call_controller_action,3,[{file,"src/boss/boss_web_controller.erl"},{line,305}]},{boss_web_controller,apply_action,4,[{file,"src/boss/boss_web_controller.erl"},{line,297}]},{boss_web_controller,execute_action_inner,9,[{file,"src/boss/boss_web_controller.erl"},{line,276}]},{boss_web_controller_handle_request,process_dynamic_request,5,[{file,"src/boss/boss_web_controller_handle_request.erl"},{line,255}]}]
2015-11-08 12:17:03.049 [error] <0.272.0>@boss_web_controller_handle_request:process_error:302 "Error in controller, see console.log for details\n"
2015-11-08 12:17:03.227 [error] <0.272.0>@boss_web_controller_handle_request:log_status_code:183 POST /greeting/create [cb_tutorial] 500 190ms
